<?xml version="1.0" encoding="UTF-8"?>
<!-- Generated by org.testng.reporters.JUnitXMLReporter -->
<testsuite ignored="0" hostname="DESKTOP-A66MK7D" failures="2" tests="6" name="Test" time="0.062" errors="0" timestamp="2022-04-01T13:29:43 IST">
  <testcase classname="listener.Testing2" name="q" time="0.012">
    <failure type="java.lang.AssertionError" message="null">
      <![CDATA[java.lang.AssertionError: null
at listener.Testing2.q(Testing2.java:18)
at java.base/java.util.ArrayList.forEach(ArrayList.java:1511)
... Removed 29 stack frames]]>
    </failure>
  </testcase> <!-- q -->
  <testcase classname="listener.Testing2" name="p" time="0.001"/>
  <testcase classname="listener.Testing2" name="r" time="0.0">
    <skipped/>
  </testcase> <!-- r -->
  <testcase classname="listener.Testing1" name="a" time="0.001"/>
  <testcase classname="listener.Testing1" name="b" time="0.0">
    <failure type="java.lang.AssertionError" message="null">
      <![CDATA[java.lang.AssertionError: null
at listener.Testing1.b(Testing1.java:21)
at java.base/java.util.ArrayList.forEach(ArrayList.java:1511)
... Removed 29 stack frames]]>
    </failure>
  </testcase> <!-- b -->
  <testcase classname="listener.Testing1" name="c" time="0.0">
    <skipped/>
  </testcase> <!-- c -->
</testsuite> <!-- Test -->
